This file contains any messages produced by compilers while
running configure, to aid debugging if configure makes a mistake.

It was created by naeglin configure 0.1, which was
generated by GNU Autoconf 2.68.  Invocation command line was

  $ ./configure 

## --------- ##
## Platform. ##
## --------- ##

hostname = daniel-P150HMx
uname -m = x86_64
uname -r = 3.11.0-15-generic
uname -s = Linux
uname -v = #23-Ubuntu SMP Mon Dec 9 18:17:04 UTC 2013

/usr/bin/uname -p = unknown
/bin/uname -X     = unknown

/bin/arch              = unknown
/usr/bin/arch -k       = unknown
/usr/convex/getsysinfo = unknown
/usr/bin/hostinfo      = unknown
/bin/machine           = unknown
/usr/bin/oslevel       = unknown
/bin/universe          = unknown

PATH: /usr/lib/lightdm/lightdm
PATH: /usr/local/sbin
PATH: /usr/local/bin
PATH: /usr/sbin
PATH: /usr/bin
PATH: /sbin
PATH: /bin
PATH: /usr/games
PATH: /usr/local/games


## ----------- ##
## Core tests. ##
## ----------- ##

configure:2411: checking for a BSD-compatible install
configure:2479: result: /usr/bin/install -c
configure:2490: checking whether build environment is sane
configure:2540: result: yes
configure:2681: checking for a thread-safe mkdir -p
configure:2720: result: /bin/mkdir -p
configure:2733: checking for gawk
configure:2763: result: no
configure:2733: checking for mawk
configure:2749: found /usr/bin/mawk
configure:2760: result: mawk
configure:2771: checking whether make sets $(MAKE)
configure:2793: result: yes
configure:2923: checking for gcc
configure:2939: found /usr/bin/gcc
configure:2950: result: gcc
configure:3179: checking for C compiler version
configure:3188: gcc --version >&5
gcc (Ubuntu/Linaro 4.8.1-10ubuntu9) 4.8.1
Copyright (C) 2013 Free Software Foundation, Inc.
This is free software; see the source for copying conditions.  There is NO
warranty; not even for MERCHANTABILITY or FITNESS FOR A PARTICULAR PURPOSE.

configure:3199: $? = 0
configure:3188: gcc -v >&5
Using built-in specs.
COLLECT_GCC=gcc
COLLECT_LTO_WRAPPER=/usr/lib/gcc/x86_64-linux-gnu/4.8/lto-wrapper
Target: x86_64-linux-gnu
Configured with: ../src/configure -v --with-pkgversion='Ubuntu/Linaro 4.8.1-10ubuntu9' --with-bugurl=file:///usr/share/doc/gcc-4.8/README.Bugs --enable-languages=c,c++,java,go,d,fortran,objc,obj-c++ --prefix=/usr --program-suffix=-4.8 --enable-shared --enable-linker-build-id --libexecdir=/usr/lib --without-included-gettext --enable-threads=posix --with-gxx-include-dir=/usr/include/c++/4.8 --libdir=/usr/lib --enable-nls --with-sysroot=/ --enable-clocale=gnu --enable-libstdcxx-debug --enable-libstdcxx-time=yes --enable-gnu-unique-object --enable-plugin --with-system-zlib --disable-browser-plugin --enable-java-awt=gtk --enable-gtk-cairo --with-java-home=/usr/lib/jvm/java-1.5.0-gcj-4.8-amd64/jre --enable-java-home --with-jvm-root-dir=/usr/lib/jvm/java-1.5.0-gcj-4.8-amd64 --with-jvm-jar-dir=/usr/lib/jvm-exports/java-1.5.0-gcj-4.8-amd64 --with-arch-directory=amd64 --with-ecj-jar=/usr/share/java/eclipse-ecj.jar --enable-objc-gc --enable-multiarch --disable-werror --with-arch-32=i686 --with-abi=m64 --with-multilib-list=m32,m64,mx32 --with-tune=generic --enable-checking=release --build=x86_64-linux-gnu --host=x86_64-linux-gnu --target=x86_64-linux-gnu
Thread model: posix
gcc version 4.8.1 (Ubuntu/Linaro 4.8.1-10ubuntu9) 
configure:3199: $? = 0
configure:3188: gcc -V >&5
gcc: error: unrecognized command line option '-V'
gcc: fatal error: no input files
compilation terminated.
configure:3199: $? = 4
configure:3188: gcc -qversion >&5
gcc: error: unrecognized command line option '-qversion'
gcc: fatal error: no input files
compilation terminated.
configure:3199: $? = 4
configure:3219: checking whether the C compiler works
configure:3241: gcc    conftest.c  >&5
configure:3245: $? = 0
configure:3293: result: yes
configure:3296: checking for C compiler default output file name
configure:3298: result: a.out
configure:3304: checking for suffix of executables
configure:3311: gcc -o conftest    conftest.c  >&5
configure:3315: $? = 0
configure:3337: result: 
configure:3359: checking whether we are cross compiling
configure:3367: gcc -o conftest    conftest.c  >&5
configure:3371: $? = 0
configure:3378: ./conftest
configure:3382: $? = 0
configure:3397: result: no
configure:3402: checking for suffix of object files
configure:3424: gcc -c   conftest.c >&5
configure:3428: $? = 0
configure:3449: result: o
configure:3453: checking whether we are using the GNU C compiler
configure:3472: gcc -c   conftest.c >&5
configure:3472: $? = 0
configure:3481: result: yes
configure:3490: checking whether gcc accepts -g
configure:3510: gcc -c -g  conftest.c >&5
configure:3510: $? = 0
configure:3551: result: yes
configure:3568: checking for gcc option to accept ISO C89
configure:3632: gcc  -c -g -O2  conftest.c >&5
configure:3632: $? = 0
configure:3645: result: none needed
configure:3676: checking for style of include used by make
configure:3704: result: GNU
configure:3730: checking dependency style of gcc
configure:3841: result: gcc3
configure:3914: checking for g++
configure:3930: found /usr/bin/g++
configure:3941: result: g++
configure:3968: checking for C++ compiler version
configure:3977: g++ --version >&5
g++ (Ubuntu/Linaro 4.8.1-10ubuntu9) 4.8.1
Copyright (C) 2013 Free Software Foundation, Inc.
This is free software; see the source for copying conditions.  There is NO
warranty; not even for MERCHANTABILITY or FITNESS FOR A PARTICULAR PURPOSE.

configure:3988: $? = 0
configure:3977: g++ -v >&5
Using built-in specs.
COLLECT_GCC=g++
COLLECT_LTO_WRAPPER=/usr/lib/gcc/x86_64-linux-gnu/4.8/lto-wrapper
Target: x86_64-linux-gnu
Configured with: ../src/configure -v --with-pkgversion='Ubuntu/Linaro 4.8.1-10ubuntu9' --with-bugurl=file:///usr/share/doc/gcc-4.8/README.Bugs --enable-languages=c,c++,java,go,d,fortran,objc,obj-c++ --prefix=/usr --program-suffix=-4.8 --enable-shared --enable-linker-build-id --libexecdir=/usr/lib --without-included-gettext --enable-threads=posix --with-gxx-include-dir=/usr/include/c++/4.8 --libdir=/usr/lib --enable-nls --with-sysroot=/ --enable-clocale=gnu --enable-libstdcxx-debug --enable-libstdcxx-time=yes --enable-gnu-unique-object --enable-plugin --with-system-zlib --disable-browser-plugin --enable-java-awt=gtk --enable-gtk-cairo --with-java-home=/usr/lib/jvm/java-1.5.0-gcj-4.8-amd64/jre --enable-java-home --with-jvm-root-dir=/usr/lib/jvm/java-1.5.0-gcj-4.8-amd64 --with-jvm-jar-dir=/usr/lib/jvm-exports/java-1.5.0-gcj-4.8-amd64 --with-arch-directory=amd64 --with-ecj-jar=/usr/share/java/eclipse-ecj.jar --enable-objc-gc --enable-multiarch --disable-werror --with-arch-32=i686 --with-abi=m64 --with-multilib-list=m32,m64,mx32 --with-tune=generic --enable-checking=release --build=x86_64-linux-gnu --host=x86_64-linux-gnu --target=x86_64-linux-gnu
Thread model: posix
gcc version 4.8.1 (Ubuntu/Linaro 4.8.1-10ubuntu9) 
configure:3988: $? = 0
configure:3977: g++ -V >&5
g++: error: unrecognized command line option '-V'
g++: fatal error: no input files
compilation terminated.
configure:3988: $? = 4
configure:3977: g++ -qversion >&5
g++: error: unrecognized command line option '-qversion'
g++: fatal error: no input files
compilation terminated.
configure:3988: $? = 4
configure:3992: checking whether we are using the GNU C++ compiler
configure:4011: g++ -c   conftest.cpp >&5
configure:4011: $? = 0
configure:4020: result: yes
configure:4029: checking whether g++ accepts -g
configure:4049: g++ -c -g  conftest.cpp >&5
configure:4049: $? = 0
configure:4090: result: yes
configure:4115: checking dependency style of g++
configure:4226: result: gcc3
configure:4270: checking build system type
configure:4284: result: x86_64-unknown-linux-gnu
configure:4304: checking host system type
configure:4317: result: x86_64-unknown-linux-gnu
configure:4358: checking how to print strings
configure:4385: result: printf
configure:4406: checking for a sed that does not truncate output
configure:4470: result: /bin/sed
configure:4488: checking for grep that handles long lines and -e
configure:4546: result: /bin/grep
configure:4551: checking for egrep
configure:4613: result: /bin/grep -E
configure:4618: checking for fgrep
configure:4680: result: /bin/grep -F
configure:4715: checking for ld used by gcc
configure:4782: result: /usr/bin/ld
configure:4789: checking if the linker (/usr/bin/ld) is GNU ld
configure:4804: result: yes
configure:4816: checking for BSD- or MS-compatible name lister (nm)
configure:4865: result: /usr/bin/nm -B
configure:4995: checking the name lister (/usr/bin/nm -B) interface
configure:5002: gcc -c -g -O2  conftest.c >&5
configure:5005: /usr/bin/nm -B "conftest.o"
configure:5008: output
0000000000000000 B some_variable
configure:5015: result: BSD nm
configure:5018: checking whether ln -s works
configure:5022: result: yes
configure:5030: checking the maximum length of command line arguments
configure:5160: result: 1572864
configure:5177: checking whether the shell understands some XSI constructs
configure:5187: result: yes
configure:5191: checking whether the shell understands "+="
configure:5197: result: yes
configure:5232: checking how to convert x86_64-unknown-linux-gnu file names to x86_64-unknown-linux-gnu format
configure:5272: result: func_convert_file_noop
configure:5279: checking how to convert x86_64-unknown-linux-gnu file names to toolchain format
configure:5299: result: func_convert_file_noop
configure:5306: checking for /usr/bin/ld option to reload object files
configure:5313: result: -r
configure:5387: checking for objdump
configure:5403: found /usr/bin/objdump
configure:5414: result: objdump
configure:5446: checking how to recognize dependent libraries
configure:5648: result: pass_all
configure:5733: checking for dlltool
configure:5763: result: no
configure:5793: checking how to associate runtime and link libraries
configure:5820: result: printf %s\n
configure:5881: checking for ar
configure:5897: found /usr/bin/ar
configure:5908: result: ar
configure:5945: checking for archiver @FILE support
configure:5962: gcc -c -g -O2  conftest.c >&5
configure:5962: $? = 0
configure:5965: ar cru libconftest.a @conftest.lst >&5
configure:5968: $? = 0
configure:5973: ar cru libconftest.a @conftest.lst >&5
ar: conftest.o: No such file or directory
configure:5976: $? = 1
configure:5988: result: @
configure:6046: checking for strip
configure:6062: found /usr/bin/strip
configure:6073: result: strip
configure:6145: checking for ranlib
configure:6161: found /usr/bin/ranlib
configure:6172: result: ranlib
configure:6274: checking command to parse /usr/bin/nm -B output from gcc object
configure:6394: gcc -c -g -O2  conftest.c >&5
configure:6397: $? = 0
configure:6401: /usr/bin/nm -B conftest.o \| sed -n -e 's/^.*[ ]\([ABCDGIRSTW][ABCDGIRSTW]*\)[ ][ ]*\([_A-Za-z][_A-Za-z0-9]*\)$/\1 \2 \2/p' | sed '/ __gnu_lto/d' \> conftest.nm
configure:6404: $? = 0
configure:6470: gcc -o conftest -g -O2   conftest.c conftstm.o >&5
configure:6473: $? = 0
configure:6511: result: ok
configure:6548: checking for sysroot
configure:6578: result: no
configure:6655: gcc -c -g -O2  conftest.c >&5
configure:6658: $? = 0
configure:6834: checking for mt
configure:6850: found /bin/mt
configure:6861: result: mt
configure:6884: checking if mt is a manifest tool
configure:6890: mt '-?'
configure:6898: result: no
configure:7540: checking how to run the C preprocessor
configure:7571: gcc -E  conftest.c
configure:7571: $? = 0
configure:7585: gcc -E  conftest.c
conftest.c:11:28: fatal error: ac_nonexistent.h: No such file or directory
 #include <ac_nonexistent.h>
                            ^
compilation terminated.
configure:7585: $? = 1
configure: failed program was:
| /* confdefs.h */
| #define PACKAGE_NAME "naeglin"
| #define PACKAGE_TARNAME "naeglin"
| #define PACKAGE_VERSION "0.1"
| #define PACKAGE_STRING "naeglin 0.1"
| #define PACKAGE_BUGREPORT "danielmmy10@gmail.com"
| #define PACKAGE_URL ""
| #define PACKAGE "naeglin"
| #define VERSION "0.1"
| /* end confdefs.h.  */
| #include <ac_nonexistent.h>
configure:7610: result: gcc -E
configure:7630: gcc -E  conftest.c
configure:7630: $? = 0
configure:7644: gcc -E  conftest.c
conftest.c:11:28: fatal error: ac_nonexistent.h: No such file or directory
 #include <ac_nonexistent.h>
                            ^
compilation terminated.
configure:7644: $? = 1
configure: failed program was:
| /* confdefs.h */
| #define PACKAGE_NAME "naeglin"
| #define PACKAGE_TARNAME "naeglin"
| #define PACKAGE_VERSION "0.1"
| #define PACKAGE_STRING "naeglin 0.1"
| #define PACKAGE_BUGREPORT "danielmmy10@gmail.com"
| #define PACKAGE_URL ""
| #define PACKAGE "naeglin"
| #define VERSION "0.1"
| /* end confdefs.h.  */
| #include <ac_nonexistent.h>
configure:7673: checking for ANSI C header files
configure:7693: gcc -c -g -O2  conftest.c >&5
configure:7693: $? = 0
configure:7766: gcc -o conftest -g -O2   conftest.c  >&5
configure:7766: $? = 0
configure:7766: ./conftest
configure:7766: $? = 0
configure:7777: result: yes
configure:7790: checking for sys/types.h
configure:7790: gcc -c -g -O2  conftest.c >&5
configure:7790: $? = 0
configure:7790: result: yes
configure:7790: checking for sys/stat.h
configure:7790: gcc -c -g -O2  conftest.c >&5
configure:7790: $? = 0
configure:7790: result: yes
configure:7790: checking for stdlib.h
configure:7790: gcc -c -g -O2  conftest.c >&5
configure:7790: $? = 0
configure:7790: result: yes
configure:7790: checking for string.h
configure:7790: gcc -c -g -O2  conftest.c >&5
configure:7790: $? = 0
configure:7790: result: yes
configure:7790: checking for memory.h
configure:7790: gcc -c -g -O2  conftest.c >&5
configure:7790: $? = 0
configure:7790: result: yes
configure:7790: checking for strings.h
configure:7790: gcc -c -g -O2  conftest.c >&5
configure:7790: $? = 0
configure:7790: result: yes
configure:7790: checking for inttypes.h
configure:7790: gcc -c -g -O2  conftest.c >&5
configure:7790: $? = 0
configure:7790: result: yes
configure:7790: checking for stdint.h
configure:7790: gcc -c -g -O2  conftest.c >&5
configure:7790: $? = 0
configure:7790: result: yes
configure:7790: checking for unistd.h
configure:7790: gcc -c -g -O2  conftest.c >&5
configure:7790: $? = 0
configure:7790: result: yes
configure:7804: checking for dlfcn.h
configure:7804: gcc -c -g -O2  conftest.c >&5
configure:7804: $? = 0
configure:7804: result: yes
configure:8021: checking for objdir
configure:8036: result: .libs
configure:8307: checking if gcc supports -fno-rtti -fno-exceptions
configure:8325: gcc -c -g -O2  -fno-rtti -fno-exceptions conftest.c >&5
cc1: warning: command line option '-fno-rtti' is valid for C++/ObjC++ but not for C [enabled by default]
configure:8329: $? = 0
configure:8342: result: no
configure:8669: checking for gcc option to produce PIC
configure:8676: result: -fPIC -DPIC
configure:8684: checking if gcc PIC flag -fPIC -DPIC works
configure:8702: gcc -c -g -O2  -fPIC -DPIC -DPIC conftest.c >&5
configure:8706: $? = 0
configure:8719: result: yes
configure:8748: checking if gcc static flag -static works
configure:8776: result: yes
configure:8791: checking if gcc supports -c -o file.o
configure:8812: gcc -c -g -O2  -o out/conftest2.o conftest.c >&5
configure:8816: $? = 0
configure:8838: result: yes
configure:8846: checking if gcc supports -c -o file.o
configure:8893: result: yes
configure:8926: checking whether the gcc linker (/usr/bin/ld -m elf_x86_64) supports shared libraries
configure:10083: result: yes
configure:10120: checking whether -lc should be explicitly linked in
configure:10128: gcc -c -g -O2  conftest.c >&5
configure:10131: $? = 0
configure:10146: gcc -shared  -fPIC -DPIC conftest.o  -v -Wl,-soname -Wl,conftest -o conftest 2\>\&1 \| /bin/grep  -lc  \>/dev/null 2\>\&1
configure:10149: $? = 0
configure:10163: result: no
configure:10323: checking dynamic linker characteristics
configure:10834: gcc -o conftest -g -O2   -Wl,-rpath -Wl,/foo conftest.c  >&5
configure:10834: $? = 0
configure:11068: result: GNU/Linux ld.so
configure:11175: checking how to hardcode library paths into programs
configure:11200: result: immediate
configure:11740: checking whether stripping libraries is possible
configure:11745: result: yes
configure:11780: checking if libtool supports shared libraries
configure:11782: result: yes
configure:11785: checking whether to build shared libraries
configure:11806: result: yes
configure:11809: checking whether to build static libraries
configure:11813: result: yes
configure:11836: checking how to run the C++ preprocessor
configure:11863: g++ -E  conftest.cpp
configure:11863: $? = 0
configure:11877: g++ -E  conftest.cpp
conftest.cpp:23:28: fatal error: ac_nonexistent.h: No such file or directory
 #include <ac_nonexistent.h>
                            ^
compilation terminated.
configure:11877: $? = 1
configure: failed program was:
| /* confdefs.h */
| #define PACKAGE_NAME "naeglin"
| #define PACKAGE_TARNAME "naeglin"
| #define PACKAGE_VERSION "0.1"
| #define PACKAGE_STRING "naeglin 0.1"
| #define PACKAGE_BUGREPORT "danielmmy10@gmail.com"
| #define PACKAGE_URL ""
| #define PACKAGE "naeglin"
| #define VERSION "0.1"
| #define STDC_HEADERS 1
| #define HAVE_SYS_TYPES_H 1
| #define HAVE_SYS_STAT_H 1
| #define HAVE_STDLIB_H 1
| #define HAVE_STRING_H 1
| #define HAVE_MEMORY_H 1
| #define HAVE_STRINGS_H 1
| #define HAVE_INTTYPES_H 1
| #define HAVE_STDINT_H 1
| #define HAVE_UNISTD_H 1
| #define HAVE_DLFCN_H 1
| #define LT_OBJDIR ".libs/"
| /* end confdefs.h.  */
| #include <ac_nonexistent.h>
configure:11902: result: g++ -E
configure:11922: g++ -E  conftest.cpp
configure:11922: $? = 0
configure:11936: g++ -E  conftest.cpp
conftest.cpp:23:28: fatal error: ac_nonexistent.h: No such file or directory
 #include <ac_nonexistent.h>
                            ^
compilation terminated.
configure:11936: $? = 1
configure: failed program was:
| /* confdefs.h */
| #define PACKAGE_NAME "naeglin"
| #define PACKAGE_TARNAME "naeglin"
| #define PACKAGE_VERSION "0.1"
| #define PACKAGE_STRING "naeglin 0.1"
| #define PACKAGE_BUGREPORT "danielmmy10@gmail.com"
| #define PACKAGE_URL ""
| #define PACKAGE "naeglin"
| #define VERSION "0.1"
| #define STDC_HEADERS 1
| #define HAVE_SYS_TYPES_H 1
| #define HAVE_SYS_STAT_H 1
| #define HAVE_STDLIB_H 1
| #define HAVE_STRING_H 1
| #define HAVE_MEMORY_H 1
| #define HAVE_STRINGS_H 1
| #define HAVE_INTTYPES_H 1
| #define HAVE_STDINT_H 1
| #define HAVE_UNISTD_H 1
| #define HAVE_DLFCN_H 1
| #define LT_OBJDIR ".libs/"
| /* end confdefs.h.  */
| #include <ac_nonexistent.h>
configure:12105: checking for ld used by g++
configure:12172: result: /usr/bin/ld -m elf_x86_64
configure:12179: checking if the linker (/usr/bin/ld -m elf_x86_64) is GNU ld
configure:12194: result: yes
configure:12249: checking whether the g++ linker (/usr/bin/ld -m elf_x86_64) supports shared libraries
configure:13254: result: yes
configure:13290: g++ -c -g -O2  conftest.cpp >&5
configure:13293: $? = 0
configure:13813: checking for g++ option to produce PIC
configure:13820: result: -fPIC -DPIC
configure:13828: checking if g++ PIC flag -fPIC -DPIC works
configure:13846: g++ -c -g -O2  -fPIC -DPIC -DPIC conftest.cpp >&5
configure:13850: $? = 0
configure:13863: result: yes
configure:13886: checking if g++ static flag -static works
configure:13914: result: yes
configure:13926: checking if g++ supports -c -o file.o
configure:13947: g++ -c -g -O2  -o out/conftest2.o conftest.cpp >&5
configure:13951: $? = 0
configure:13973: result: yes
configure:13978: checking if g++ supports -c -o file.o
configure:14025: result: yes
configure:14055: checking whether the g++ linker (/usr/bin/ld -m elf_x86_64) supports shared libraries
configure:14094: result: yes
configure:14235: checking dynamic linker characteristics
configure:14914: result: GNU/Linux ld.so
configure:14967: checking how to hardcode library paths into programs
configure:14992: result: immediate
configure:15059: checking for stdlib.h
configure:15059: result: yes
configure:15059: checking for string.h
configure:15059: result: yes
configure:15059: checking for unistd.h
configure:15059: result: yes
configure:15071: checking for size_t
configure:15071: gcc -c -g -O2  conftest.c >&5
configure:15071: $? = 0
configure:15071: gcc -c -g -O2  conftest.c >&5
conftest.c: In function 'main':
conftest.c:62:21: error: expected expression before ')' token
 if (sizeof ((size_t)))
                     ^
configure:15071: $? = 1
configure: failed program was:
| /* confdefs.h */
| #define PACKAGE_NAME "naeglin"
| #define PACKAGE_TARNAME "naeglin"
| #define PACKAGE_VERSION "0.1"
| #define PACKAGE_STRING "naeglin 0.1"
| #define PACKAGE_BUGREPORT "danielmmy10@gmail.com"
| #define PACKAGE_URL ""
| #define PACKAGE "naeglin"
| #define VERSION "0.1"
| #define STDC_HEADERS 1
| #define HAVE_SYS_TYPES_H 1
| #define HAVE_SYS_STAT_H 1
| #define HAVE_STDLIB_H 1
| #define HAVE_STRING_H 1
| #define HAVE_MEMORY_H 1
| #define HAVE_STRINGS_H 1
| #define HAVE_INTTYPES_H 1
| #define HAVE_STDINT_H 1
| #define HAVE_UNISTD_H 1
| #define HAVE_DLFCN_H 1
| #define LT_OBJDIR ".libs/"
| #define HAVE_STDLIB_H 1
| #define HAVE_STRING_H 1
| #define HAVE_UNISTD_H 1
| /* end confdefs.h.  */
| #include <stdio.h>
| #ifdef HAVE_SYS_TYPES_H
| # include <sys/types.h>
| #endif
| #ifdef HAVE_SYS_STAT_H
| # include <sys/stat.h>
| #endif
| #ifdef STDC_HEADERS
| # include <stdlib.h>
| # include <stddef.h>
| #else
| # ifdef HAVE_STDLIB_H
| #  include <stdlib.h>
| # endif
| #endif
| #ifdef HAVE_STRING_H
| # if !defined STDC_HEADERS && defined HAVE_MEMORY_H
| #  include <memory.h>
| # endif
| # include <string.h>
| #endif
| #ifdef HAVE_STRINGS_H
| # include <strings.h>
| #endif
| #ifdef HAVE_INTTYPES_H
| # include <inttypes.h>
| #endif
| #ifdef HAVE_STDINT_H
| # include <stdint.h>
| #endif
| #ifdef HAVE_UNISTD_H
| # include <unistd.h>
| #endif
| int
| main ()
| {
| if (sizeof ((size_t)))
| 	    return 0;
|   ;
|   return 0;
| }
configure:15071: result: yes
configure:15086: checking for stdlib.h
configure:15086: result: yes
configure:15096: checking for GNU libc compatible malloc
configure:15120: gcc -o conftest -g -O2   conftest.c  >&5
configure:15120: $? = 0
configure:15120: ./conftest
configure:15120: $? = 0
configure:15130: result: yes
configure:15153: checking for mkdir
configure:15153: gcc -o conftest -g -O2   conftest.c  >&5
configure:15153: $? = 0
configure:15153: result: yes
configure:15338: creating ./config.status

## ---------------------- ##
## Running config.status. ##
## ---------------------- ##

This file was extended by naeglin config.status 0.1, which was
generated by GNU Autoconf 2.68.  Invocation command line was

  CONFIG_FILES    = 
  CONFIG_HEADERS  = 
  CONFIG_LINKS    = 
  CONFIG_COMMANDS = 
  $ ./config.status 

on daniel-P150HMx

config.status:1075: creating Makefile
config.status:1075: creating src/Makefile
config.status:1247: executing depfiles commands
config.status:1247: executing libtool commands

## ---------------- ##
## Cache variables. ##
## ---------------- ##

ac_cv_build=x86_64-unknown-linux-gnu
ac_cv_c_compiler_gnu=yes
ac_cv_cxx_compiler_gnu=yes
ac_cv_env_CCC_set=
ac_cv_env_CCC_value=
ac_cv_env_CC_set=
ac_cv_env_CC_value=
ac_cv_env_CFLAGS_set=
ac_cv_env_CFLAGS_value=
ac_cv_env_CPPFLAGS_set=
ac_cv_env_CPPFLAGS_value=
ac_cv_env_CPP_set=
ac_cv_env_CPP_value=
ac_cv_env_CXXCPP_set=
ac_cv_env_CXXCPP_value=
ac_cv_env_CXXFLAGS_set=
ac_cv_env_CXXFLAGS_value=
ac_cv_env_CXX_set=
ac_cv_env_CXX_value=
ac_cv_env_LDFLAGS_set=
ac_cv_env_LDFLAGS_value=
ac_cv_env_LIBS_set=
ac_cv_env_LIBS_value=
ac_cv_env_build_alias_set=
ac_cv_env_build_alias_value=
ac_cv_env_host_alias_set=
ac_cv_env_host_alias_value=
ac_cv_env_target_alias_set=
ac_cv_env_target_alias_value=
ac_cv_func_malloc_0_nonnull=yes
ac_cv_func_mkdir=yes
ac_cv_header_dlfcn_h=yes
ac_cv_header_inttypes_h=yes
ac_cv_header_memory_h=yes
ac_cv_header_stdc=yes
ac_cv_header_stdint_h=yes
ac_cv_header_stdlib_h=yes
ac_cv_header_string_h=yes
ac_cv_header_strings_h=yes
ac_cv_header_sys_stat_h=yes
ac_cv_header_sys_types_h=yes
ac_cv_header_unistd_h=yes
ac_cv_host=x86_64-unknown-linux-gnu
ac_cv_objext=o
ac_cv_path_EGREP='/bin/grep -E'
ac_cv_path_FGREP='/bin/grep -F'
ac_cv_path_GREP=/bin/grep
ac_cv_path_SED=/bin/sed
ac_cv_path_install='/usr/bin/install -c'
ac_cv_path_mkdir=/bin/mkdir
ac_cv_prog_AWK=mawk
ac_cv_prog_CPP='gcc -E'
ac_cv_prog_CXXCPP='g++ -E'
ac_cv_prog_ac_ct_AR=ar
ac_cv_prog_ac_ct_CC=gcc
ac_cv_prog_ac_ct_CXX=g++
ac_cv_prog_ac_ct_MANIFEST_TOOL=mt
ac_cv_prog_ac_ct_OBJDUMP=objdump
ac_cv_prog_ac_ct_RANLIB=ranlib
ac_cv_prog_ac_ct_STRIP=strip
ac_cv_prog_cc_c89=
ac_cv_prog_cc_g=yes
ac_cv_prog_cxx_g=yes
ac_cv_prog_make_make_set=yes
ac_cv_type_size_t=yes
am_cv_CC_dependencies_compiler_type=gcc3
am_cv_CXX_dependencies_compiler_type=gcc3
lt_cv_ar_at_file=@
lt_cv_archive_cmds_need_lc=no
lt_cv_deplibs_check_method=pass_all
lt_cv_file_magic_cmd='$MAGIC_CMD'
lt_cv_file_magic_test_file=
lt_cv_ld_reload_flag=-r
lt_cv_nm_interface='BSD nm'
lt_cv_objdir=.libs
lt_cv_path_LD=/usr/bin/ld
lt_cv_path_LDCXX='/usr/bin/ld -m elf_x86_64'
lt_cv_path_NM='/usr/bin/nm -B'
lt_cv_path_mainfest_tool=no
lt_cv_prog_compiler_c_o=yes
lt_cv_prog_compiler_c_o_CXX=yes
lt_cv_prog_compiler_pic='-fPIC -DPIC'
lt_cv_prog_compiler_pic_CXX='-fPIC -DPIC'
lt_cv_prog_compiler_pic_works=yes
lt_cv_prog_compiler_pic_works_CXX=yes
lt_cv_prog_compiler_rtti_exceptions=no
lt_cv_prog_compiler_static_works=yes
lt_cv_prog_compiler_static_works_CXX=yes
lt_cv_prog_gnu_ld=yes
lt_cv_prog_gnu_ldcxx=yes
lt_cv_sharedlib_from_linklib_cmd='printf %s\n'
lt_cv_shlibpath_overrides_runpath=no
lt_cv_sys_global_symbol_pipe='sed -n -e '\''s/^.*[	 ]\([ABCDGIRSTW][ABCDGIRSTW]*\)[	 ][	 ]*\([_A-Za-z][_A-Za-z0-9]*\)$/\1 \2 \2/p'\'' | sed '\''/ __gnu_lto/d'\'''
lt_cv_sys_global_symbol_to_c_name_address='sed -n -e '\''s/^: \([^ ]*\)[ ]*$/  {\"\1\", (void *) 0},/p'\'' -e '\''s/^[ABCDGIRSTW]* \([^ ]*\) \([^ ]*\)$/  {"\2", (void *) \&\2},/p'\'''
lt_cv_sys_global_symbol_to_c_name_address_lib_prefix='sed -n -e '\''s/^: \([^ ]*\)[ ]*$/  {\"\1\", (void *) 0},/p'\'' -e '\''s/^[ABCDGIRSTW]* \([^ ]*\) \(lib[^ ]*\)$/  {"\2", (void *) \&\2},/p'\'' -e '\''s/^[ABCDGIRSTW]* \([^ ]*\) \([^ ]*\)$/  {"lib\2", (void *) \&\2},/p'\'''
lt_cv_sys_global_symbol_to_cdecl='sed -n -e '\''s/^T .* \(.*\)$/extern int \1();/p'\'' -e '\''s/^[ABCDGIRSTW]* .* \(.*\)$/extern char \1;/p'\'''
lt_cv_sys_max_cmd_len=1572864
lt_cv_to_host_file_cmd=func_convert_file_noop
lt_cv_to_tool_file_cmd=func_convert_file_noop

## ----------------- ##
## Output variables. ##
## ----------------- ##

ACLOCAL='${SHELL} /home/daniel/Naegling-Server/missing --run aclocal-1.11'
AMDEPBACKSLASH='\'
AMDEP_FALSE='#'
AMDEP_TRUE=''
AMTAR='$${TAR-tar}'
AR='ar'
AUTOCONF='${SHELL} /home/daniel/Naegling-Server/missing --run autoconf'
AUTOHEADER='${SHELL} /home/daniel/Naegling-Server/missing --run autoheader'
AUTOMAKE='${SHELL} /home/daniel/Naegling-Server/missing --run automake-1.11'
AWK='mawk'
CC='gcc'
CCDEPMODE='depmode=gcc3'
CFLAGS='-g -O2'
CPP='gcc -E'
CPPFLAGS=''
CXX='g++'
CXXCPP='g++ -E'
CXXDEPMODE='depmode=gcc3'
CXXFLAGS='-g -O2'
CYGPATH_W='echo'
DEFS='-DPACKAGE_NAME=\"naeglin\" -DPACKAGE_TARNAME=\"naeglin\" -DPACKAGE_VERSION=\"0.1\" -DPACKAGE_STRING=\"naeglin\ 0.1\" -DPACKAGE_BUGREPORT=\"danielmmy10@gmail.com\" -DPACKAGE_URL=\"\" -DPACKAGE=\"naeglin\" -DVERSION=\"0.1\" -DSTDC_HEADERS=1 -DHAVE_SYS_TYPES_H=1 -DHAVE_SYS_STAT_H=1 -DHAVE_STDLIB_H=1 -DHAVE_STRING_H=1 -DHAVE_MEMORY_H=1 -DHAVE_STRINGS_H=1 -DHAVE_INTTYPES_H=1 -DHAVE_STDINT_H=1 -DHAVE_UNISTD_H=1 -DHAVE_DLFCN_H=1 -DLT_OBJDIR=\".libs/\" -DHAVE_STDLIB_H=1 -DHAVE_STRING_H=1 -DHAVE_UNISTD_H=1 -DHAVE_STDLIB_H=1 -DHAVE_MALLOC=1 -DHAVE_MKDIR=1'
DEPDIR='.deps'
DLLTOOL='false'
DSYMUTIL=''
DUMPBIN=''
ECHO_C=''
ECHO_N='-n'
ECHO_T=''
EGREP='/bin/grep -E'
EXEEXT=''
FGREP='/bin/grep -F'
GREP='/bin/grep'
INSTALL_DATA='${INSTALL} -m 644'
INSTALL_PROGRAM='${INSTALL}'
INSTALL_SCRIPT='${INSTALL}'
INSTALL_STRIP_PROGRAM='$(install_sh) -c -s'
LD='/usr/bin/ld -m elf_x86_64'
LDFLAGS=''
LIBOBJS=''
LIBS=''
LIBTOOL='$(SHELL) $(top_builddir)/libtool'
LIPO=''
LN_S='ln -s'
LTLIBOBJS=''
MAKEINFO='${SHELL} /home/daniel/Naegling-Server/missing --run makeinfo'
MANIFEST_TOOL=':'
MKDIR_P='/bin/mkdir -p'
NM='/usr/bin/nm -B'
NMEDIT=''
OBJDUMP='objdump'
OBJEXT='o'
OTOOL64=''
OTOOL=''
PACKAGE='naeglin'
PACKAGE_BUGREPORT='danielmmy10@gmail.com'
PACKAGE_NAME='naeglin'
PACKAGE_STRING='naeglin 0.1'
PACKAGE_TARNAME='naeglin'
PACKAGE_URL=''
PACKAGE_VERSION='0.1'
PATH_SEPARATOR=':'
RANLIB='ranlib'
SED='/bin/sed'
SET_MAKE=''
SHELL='/bin/bash'
STRIP='strip'
VERSION='0.1'
ac_ct_AR='ar'
ac_ct_CC='gcc'
ac_ct_CXX='g++'
ac_ct_DUMPBIN=''
am__EXEEXT_FALSE=''
am__EXEEXT_TRUE='#'
am__fastdepCC_FALSE='#'
am__fastdepCC_TRUE=''
am__fastdepCXX_FALSE='#'
am__fastdepCXX_TRUE=''
am__include='include'
am__isrc=''
am__leading_dot='.'
am__nodep='_no'
am__quote=''
am__tar='$${TAR-tar} chof - "$$tardir"'
am__untar='$${TAR-tar} xf -'
bindir='${exec_prefix}/bin'
build='x86_64-unknown-linux-gnu'
build_alias=''
build_cpu='x86_64'
build_os='linux-gnu'
build_vendor='unknown'
datadir='${datarootdir}'
datarootdir='${prefix}/share'
docdir='${datarootdir}/doc/${PACKAGE_TARNAME}'
dvidir='${docdir}'
exec_prefix='${prefix}'
host='x86_64-unknown-linux-gnu'
host_alias=''
host_cpu='x86_64'
host_os='linux-gnu'
host_vendor='unknown'
htmldir='${docdir}'
includedir='${prefix}/include'
infodir='${datarootdir}/info'
install_sh='${SHELL} /home/daniel/Naegling-Server/install-sh'
libdir='${exec_prefix}/lib'
libexecdir='${exec_prefix}/libexec'
localedir='${datarootdir}/locale'
localstatedir='${prefix}/var'
mandir='${datarootdir}/man'
mkdir_p='/bin/mkdir -p'
oldincludedir='/usr/include'
pdfdir='${docdir}'
prefix='/usr/local'
program_transform_name='s,x,x,'
psdir='${docdir}'
sbindir='${exec_prefix}/sbin'
sharedstatedir='${prefix}/com'
sysconfdir='${prefix}/etc'
target_alias=''

## ----------- ##
## confdefs.h. ##
## ----------- ##

/* confdefs.h */
#define PACKAGE_NAME "naeglin"
#define PACKAGE_TARNAME "naeglin"
#define PACKAGE_VERSION "0.1"
#define PACKAGE_STRING "naeglin 0.1"
#define PACKAGE_BUGREPORT "danielmmy10@gmail.com"
#define PACKAGE_URL ""
#define PACKAGE "naeglin"
#define VERSION "0.1"
#define STDC_HEADERS 1
#define HAVE_SYS_TYPES_H 1
#define HAVE_SYS_STAT_H 1
#define HAVE_STDLIB_H 1
#define HAVE_STRING_H 1
#define HAVE_MEMORY_H 1
#define HAVE_STRINGS_H 1
#define HAVE_INTTYPES_H 1
#define HAVE_STDINT_H 1
#define HAVE_UNISTD_H 1
#define HAVE_DLFCN_H 1
#define LT_OBJDIR ".libs/"
#define HAVE_STDLIB_H 1
#define HAVE_STRING_H 1
#define HAVE_UNISTD_H 1
#define HAVE_STDLIB_H 1
#define HAVE_MALLOC 1
#define HAVE_MKDIR 1

configure: exit 0
